#
# There is insufficient memory for the Java Runtime Environment to continue.
# Native memory allocation (mmap) failed to map 257949696 bytes for G1 virtual space
# Possible reasons:
#   The system is out of physical RAM or swap space
#   The process is running with CompressedOops enabled, and the Java Heap may be blocking the growth of the native heap
# Possible solutions:
#   Reduce memory load on the system
#   Increase physical memory or swap space
#   Check if swap backing store is full
#   Decrease Java heap size (-Xmx/-Xms)
#   Decrease number of Java threads
#   Decrease Java thread stack sizes (-Xss)
#   Set larger code cache with -XX:ReservedCodeCacheSize=
#   JVM is running with Zero Based Compressed Oops mode in which the Java heap is
#     placed in the first 32GB address space. The Java Heap base address is the
#     maximum limit for the native heap growth. Please use -XX:HeapBaseMinAddress
#     to set the Java Heap base and to place the Java Heap above 32GB virtual address.
# This output file may be truncated or incomplete.
#
#  Out of Memory Error (os_windows.cpp:3469), pid=16852, tid=4932
#
# JRE version:  (17.0.1+12) (build )
# Java VM: OpenJDK 64-Bit Server VM (17.0.1+12-39, mixed mode, sharing, tiered, compressed oops, compressed class ptrs, g1 gc, windows-amd64)
# No core dump will be written. Minidumps are not enabled by default on client versions of Windows
#

---------------  S U M M A R Y ------------

Command Line: -ea -Didea.test.cyclic.buffer.size=1048576 -javaagent:F:\IntelliJ IDEA 2022.2.1\lib\idea_rt.jar=53895:F:\IntelliJ IDEA 2022.2.1\bin -Dfile.encoding=UTF-8 com.intellij.rt.junit.JUnitStarter -ideVersion5 -junit4 UserServiceTest

Host: AMD Ryzen 7 5700U with Radeon Graphics         , 16 cores, 15G,  Windows 10 , 64 bit Build 22000 (10.0.22000.120)
Time: Fri Nov 11 12:40:32 2022 RTZ 2 (s 10 , 64 bit Build 22000 (10.0.22000.120) elapsed time: 0.012249 seconds (0d 0h 0m 0s)

---------------  T H R E A D  ---------------

Current thread (0x00000210436b4380):  JavaThread "Unknown thread" [_thread_in_vm, id=4932, stack(0x00000025e6000000,0x00000025e6100000)]

Stack: [0x00000025e6000000,0x00000025e6100000]
Native frames: (J=compiled Java code, j=interpreted, Vv=VM code, C=native code)
V  [jvm.dll+0x66fa1a]
V  [jvm.dll+0x7ce5a4]
V  [jvm.dll+0x7cfd4e]
V  [jvm.dll+0x7d03b3]
V  [jvm.dll+0x242b05]
V  [jvm.dll+0x66ca39]
V  [jvm.dll+0x661502]
V  [jvm.dll+0x30081b]
V  [jvm.dll+0x307da6]
V  [jvm.dll+0x357a1e]
V  [jvm.dll+0x357c4f]
V  [jvm.dll+0x2d7ad8]
V  [jvm.dll+0x2d8a44]
V  [jvm.dll+0x7a01e1]
V  [jvm.dll+0x365791]
V  [jvm.dll+0x77f6cc]
V  [jvm.dll+0x3e812f]
V  [jvm.dll+0x3e9bd1]
C  [jli.dll+0x527b]
C  [ucrtbase.dll+0x26c0c]
C  [KERNEL32.DLL+0x154e0]
C  [ntdll.dll+0x485b]


---------------  P R O C E S S  ---------------

Threads class SMR info:
_java_thread_list=0x00007ff92cf07818, length=0, elements={
}

Java Threads: ( => current thread )

Other Threads:
  0x0000021043701080 GCTaskThread "GC Thread#0" [stack: 0x00000025e6100000,0x00000025e6200000] [id=7156]
  0x0000021043712560 ConcurrentGCThread "G1 Main Marker" [stack: 0x00000025e6200000,0x00000025e6300000] [id=18064]
  0x0000021043715620 ConcurrentGCThread "G1 Conc#0" [stack: 0x00000025e6300000,0x00000025e6400000] [id=18664]

[error occurred during error reporting (printing all threads), id 0xc0000005, EXCEPTION_ACCESS_VIOLATION (0xc0000005) at pc=0x00007ff92c7584b7]

VM state: not at safepoint (not fully initialized)

VM Mutex/Monitor currently owned by a thread:  ([mutex/lock_event])
[0x00000210436af290] Heap_lock - owner thread: 0x00000210436b4380

Heap address: 0x000000070a600000, size: 3930 MB, Compressed Oops mode: Zero based, Oop shift amount: 3

CDS archive(s) mapped at: [0x0000000000000000-0x0000000000000000-0x0000000000000000), size 0, SharedBaseAddress: 0x0000000800000000, ArchiveRelocationMode: 0.
Narrow klass base: 0x0000000000000000, Narrow klass shift: 0, Narrow klass range: 0x0

GC Precious Log:
<Empty>

Heap:
 garbage-first heap   total 0K, used 0K [0x000000070a600000, 0x0000000800000000)
  region size 2048K, 0 young (0K), 0 survivors (0K)

[error occurred during error reporting (printing heap information), id 0xc0000005, EXCEPTION_ACCESS_VIOLATION (0xc0000005) at pc=0x00007ff92cb38d89]

GC Heap History (0 events):
No events

Deoptimization events (0 events):
No events

Classes unloaded (0 events):
No events

Classes redefined (0 events):
No events

Internal exceptions (0 events):
No events

VM Operations (0 events):
No events

Events (1 events):
Event: 0.008 Loaded shared library D:\jdk-17.0.1\bin\java.dll


Dynamic libraries:
0x00007ff660730000 - 0x00007ff66073e000 	D:\jdk-17.0.1\bin\java.exe
0x00007ff991e60000 - 0x00007ff992067000 	C:\WINDOWS\SYSTEM32\ntdll.dll
0x00007ff991230000 - 0x00007ff9912ed000 	C:\WINDOWS\System32\KERNEL32.DLL
0x00007ff98f710000 - 0x00007ff98fa84000 	C:\WINDOWS\System32\KERNELBASE.dll
0x00007ff98f450000 - 0x00007ff98f561000 	C:\WINDOWS\System32\ucrtbase.dll
0x00007ff98b400000 - 0x00007ff98b418000 	D:\jdk-17.0.1\bin\jli.dll
0x00007ff98a190000 - 0x00007ff98a1aa000 	D:\jdk-17.0.1\bin\VCRUNTIME140.dll
0x00007ff990910000 - 0x00007ff990abc000 	C:\WINDOWS\System32\USER32.dll
0x00007ff98e030000 - 0x00007ff98e2d5000 	C:\WINDOWS\WinSxS\amd64_microsoft.windows.common-controls_6595b64144ccf1df_6.0.22000.120_none_9d947278b86cc467\COMCTL32.dll
0x00007ff98fb50000 - 0x00007ff98fb76000 	C:\WINDOWS\System32\win32u.dll
0x00007ff9912f0000 - 0x00007ff991393000 	C:\WINDOWS\System32\msvcrt.dll
0x00007ff9914f0000 - 0x00007ff991519000 	C:\WINDOWS\System32\GDI32.dll
0x00007ff98f5f0000 - 0x00007ff98f702000 	C:\WINDOWS\System32\gdi32full.dll
0x00007ff98f3b0000 - 0x00007ff98f44d000 	C:\WINDOWS\System32\msvcp_win.dll
0x00007ff990e00000 - 0x00007ff990e31000 	C:\WINDOWS\System32\IMM32.DLL
0x00007ff98b3e0000 - 0x00007ff98b3ec000 	D:\jdk-17.0.1\bin\vcruntime140_1.dll
0x00007ff969e00000 - 0x00007ff969e8d000 	D:\jdk-17.0.1\bin\msvcp140.dll
0x00007ff92c470000 - 0x00007ff92d02e000 	D:\jdk-17.0.1\bin\server\jvm.dll
0x00007ff990d50000 - 0x00007ff990dfc000 	C:\WINDOWS\System32\ADVAPI32.dll
0x00007ff991d80000 - 0x00007ff991e1d000 	C:\WINDOWS\System32\sechost.dll
0x00007ff990ac0000 - 0x00007ff990be1000 	C:\WINDOWS\System32\RPCRT4.dll
0x00007ff9913a0000 - 0x00007ff9913a8000 	C:\WINDOWS\System32\PSAPI.DLL
0x00007ff986fe0000 - 0x00007ff986fea000 	C:\WINDOWS\SYSTEM32\VERSION.dll
0x00007ff98d610000 - 0x00007ff98d643000 	C:\WINDOWS\SYSTEM32\WINMM.dll
0x00007ff98a130000 - 0x00007ff98a139000 	C:\WINDOWS\SYSTEM32\WSOCK32.dll
0x00007ff991070000 - 0x00007ff9910df000 	C:\WINDOWS\System32\WS2_32.dll
0x00007ff98e4e0000 - 0x00007ff98e4f8000 	C:\WINDOWS\SYSTEM32\kernel.appcore.dll
0x00007ff98a180000 - 0x00007ff98a18a000 	D:\jdk-17.0.1\bin\jimage.dll
0x00007ff98cb70000 - 0x00007ff98cd91000 	C:\WINDOWS\SYSTEM32\DBGHELP.DLL
0x00007ff97d580000 - 0x00007ff97d5b1000 	C:\WINDOWS\SYSTEM32\dbgcore.DLL
0x00007ff98f570000 - 0x00007ff98f5f0000 	C:\WINDOWS\System32\bcryptPrimitives.dll
0x00007ff97c2f0000 - 0x00007ff97c2fe000 	D:\jdk-17.0.1\bin\instrument.dll
0x00007ff989200000 - 0x00007ff989225000 	D:\jdk-17.0.1\bin\java.dll

dbghelp: loaded successfully - version: 4.0.5 - missing functions: none
symbol engine: initialized successfully - sym options: 0x614 - pdb path: .;D:\jdk-17.0.1\bin;C:\WINDOWS\SYSTEM32;C:\WINDOWS\WinSxS\amd64_microsoft.windows.common-controls_6595b64144ccf1df_6.0.22000.120_none_9d947278b86cc467;D:\jdk-17.0.1\bin\server

VM Arguments:
jvm_args: -ea -Didea.test.cyclic.buffer.size=1048576 -javaagent:F:\IntelliJ IDEA 2022.2.1\lib\idea_rt.jar=53895:F:\IntelliJ IDEA 2022.2.1\bin -Dfile.encoding=UTF-8 
java_command: com.intellij.rt.junit.JUnitStarter -ideVersion5 -junit4 UserServiceTest
java_class_path (initial): F:\IntelliJ IDEA 2022.2.1\lib\idea_rt.jar;F:\IntelliJ IDEA 2022.2.1\plugins\junit\lib\junit5-rt.jar;F:\IntelliJ IDEA 2022.2.1\plugins\junit\lib\junit-rt.jar;F:\PP_1_1_3-4_JDBC_Hibernate\target\test-classes;F:\PP_1_1_3-4_JDBC_Hibernate\target\classes;C:\Users\User\.m2\repository\junit\junit\4.13.2\junit-4.13.2.jar;C:\Users\User\.m2\repository\org\hamcrest\hamcrest-core\1.3\hamcrest-core-1.3.jar;C:\Users\User\.m2\repository\mysql\mysql-connector-java\8.0.25\mysql-connector-java-8.0.25.jar;C:\Users\User\.m2\repository\com\google\protobuf\protobuf-java\3.11.4\protobuf-java-3.11.4.jar;C:\Users\User\.m2\repository\org\hibernate\javax\persistence\hibernate-jpa-2.1-api\1.0.2.Final\hibernate-jpa-2.1-api-1.0.2.Final.jar;C:\Users\User\.m2\repository\org\hibernate\hibernate-core\5.6.3.Final\hibernate-core-5.6.3.Final.jar;C:\Users\User\.m2\repository\org\jboss\logging\jboss-logging\3.4.2.Final\jboss-logging-3.4.2.Final.jar;C:\Users\User\.m2\repository\javax\persistence\javax.persistence-api\2.2\javax.persistence-api-2.2.jar;C:\Users\User\.m2\repository\net\bytebuddy\byte-buddy\1.11.20\byte-buddy-1.11.20.jar;C:\Users\User\.m2\repository\antlr\antlr\2.7.7\antlr-2.7.7.jar;C:\Users\User\.m2\repository\org\jboss\spec\javax\transaction\jboss-transaction-api_1.2_spec\1.1.1.Final\jboss-transaction-api_1.2_spec-1.1.1.Final.jar;C:\Users\User\.m2\repository\org\jboss\jandex\2.2.3.Final\jandex-2.2.3.Final.jar;C:\Users\User\.m2\repository\com\fasterxml\classmate\1.5.1\classmate-1.5.1.jar;C:\Users\User\.m2\repository\javax\activation\javax.activation-api\1.2.0\javax.activation-api-1.2.0.jar;C:\Users\User\.m2\repository\org\hibernate\common\hibernate-commons-annotations\5.1.2.Final\hibernate-commons-annotations-5.1.2.Final.jar;C:\Users\User\.m2\repository\javax\xml\bind\jaxb-api\2.3.1\jaxb-api-2.3.1.jar;C:\Users\User\.m2\repository\org\glassfish\jaxb\jaxb-runtime\2.3.1\jaxb-runtime-2.3.1.jar;C:\Users\User\.m2\repository\org\glassfish\jaxb\txw2\2.3.1\txw2-2.3.1.jar;
Launcher Type: SUN_STANDARD

[Global flags]
     intx CICompilerCount                          = 12                                        {product} {ergonomic}
     uint ConcGCThreads                            = 3                                         {product} {ergonomic}
     uint G1ConcRefinementThreads                  = 13                                        {product} {ergonomic}
   size_t G1HeapRegionSize                         = 2097152                                   {product} {ergonomic}
    uintx GCDrainStackTargetSize                   = 64                                        {product} {ergonomic}
   size_t InitialHeapSize                          = 257949696                                 {product} {ergonomic}
   size_t MarkStackSize                            = 4194304                                   {product} {ergonomic}
   size_t MaxHeapSize                              = 4120903680                                {product} {ergonomic}
   size_t MinHeapDeltaBytes                        = 2097152                                   {product} {ergonomic}
   size_t MinHeapSize                              = 8388608                                   {product} {ergonomic}
    uintx NonNMethodCodeHeapSize                   = 7602480                                {pd product} {ergonomic}
    uintx NonProfiledCodeHeapSize                  = 122027880                              {pd product} {ergonomic}
    uintx ProfiledCodeHeapSize                     = 122027880                              {pd product} {ergonomic}
    uintx ReservedCodeCacheSize                    = 251658240                              {pd product} {ergonomic}
     bool SegmentedCodeCache                       = true                                      {product} {ergonomic}
   size_t SoftMaxHeapSize                          = 4120903680                             {manageable} {ergonomic}
     bool UseCompressedClassPointers               = true                           {product lp64_product} {ergonomic}
     bool UseCompressedOops                        = true                           {product lp64_product} {ergonomic}
     bool UseG1GC                                  = true                                      {product} {ergonomic}
     bool UseLargePagesIndividualAllocation        = false                                  {pd product} {ergonomic}

Logging:
Log output configuration:
 #0: stdout all=warning uptime,level,tags
 #1: stderr all=off uptime,level,tags

Environment Variables:
JAVA_HOME=C:\Program Files\BellSoft\LibericaJDK-8\
PATH=C:\Program Files\BellSoft\LibericaJDK-8\bin\;C:\Program Files (x86)\Common Files\Oracle\Java\javapath;C:\Users\User\gcc\bin;C:\Users\User\gcc\libexec\gcc\x86_64-w64-mingw32\9.2.0;C:\WINDOWS\system32;C:\WINDOWS;C:\WINDOWS\System32\Wbem;C:\WINDOWS\System32\WindowsPowerShell\v1.0\;C:\WINDOWS\System32\OpenSSH\;C:\Program Files\dotnet\;C:\Program Files\Git\cmd;C:\Users\User\doctest-2.4.8\doctest;C:\Program Files\mingw64\bin;C:\Program Files\Microsoft SQL Server\Client SDK\ODBC\170\Tools\Binn\;C:\Program Files (x86)\Microsoft SQL Server\150\Tools\Binn\;C:\Program Files\Microsoft SQL Server\150\Tools\Binn\;C:\Program Files\Microsoft SQL Server\150\DTS\Binn\;C:\Users\User\AppData\Local\Microsoft\WindowsApps;C:\Program Files\JetBrains\PyCharm 2020.1\bin;C:\Users\User\.dotnet\tools;C:\Users\User\AppData\Local\Programs\Microsoft VS Code\bin;D:\IntelliJ IDEA Community Edition 2022.1.3\bin;C:\Users\User\AppData\Local\GitHubDesktop\bin;F:\IntelliJ IDEA 2022.2.1\bin;F:\CLion 2022.2.3\bin;C:\Users\User\AppData\Local\JetBrains\Toolbox\scripts;
USERNAME=User
OS=Windows_NT
PROCESSOR_IDENTIFIER=AMD64 Family 23 Model 104 Stepping 1, AuthenticAMD



---------------  S Y S T E M  ---------------

OS:
 Windows 10 , 64 bit Build 22000 (10.0.22000.120)
OS uptime: 0 days 17:35 hours

CPU: total 16 (initial active 16) (16 cores per cpu, 2 threads per core) family 23 model 104 stepping 1 microcode 0x0, cx8, cmov, fxsr, ht, mmx, 3dnowpref, sse, sse2, sse3, ssse3, sse4a, sse4.1, sse4.2, popcnt, lzcnt, tsc, tscinvbit, avx, avx2, aes, clmul, bmi1, bmi2, adx, sha, fma, vzeroupper, clflush, clflushopt

Memory: 4k page, system-wide physical 15712M (3465M free)
TotalPageFile size 19712M (AvailPageFile size 123M)
current process WorkingSet (physical memory assigned to process): 10M, peak: 10M
current process commit charge ("private bytes"): 70M, peak: 316M

vm_info: OpenJDK 64-Bit Server VM (17.0.1+12-39) for windows-amd64 JRE (17.0.1+12-39), built on Sep 27 2021 18:39:29 by "mach5one" with MS VC++ 16.8 (VS2019)

END.
